<?xml version="1.0" encoding="UTF-8"?>
<!-- Generated by org.testng.reporters.JUnitReportReporter -->
<testsuite hostname="CEHWPCVN054" failures="0" tests="3" name="webdriver.Topic_01_CheckEnvironment" time="0.054" errors="0" timestamp="28 May 2021 03:07:29 GMT">
  <testcase classname="webdriver.Topic_01_CheckEnvironment" name="TC_01_ValidateCurrentUrl" time="0.012"/>
  <testcase classname="webdriver.Topic_01_CheckEnvironment" name="TC_03_LoginFormDisplayed" time="0.033"/>
  <testcase classname="webdriver.Topic_01_CheckEnvironment" name="TC_02_ValidatePageTitle" time="0.009"/>
</testsuite> <!-- webdriver.Topic_01_CheckEnvironment -->
