<?xml version="1.0" encoding="UTF-8"?>
<!-- Generated by org.testng.reporters.JUnitReportReporter -->
<testsuite hostname="CEHWPCVN054" failures="0" tests="3" name="webdriver.Topic_01_CheckEnvironment" time="0.052" errors="0" timestamp="27 May 2021 11:01:08 GMT">
  <testcase classname="webdriver.Topic_01_CheckEnvironment" name="TC_01_ValidateCurrentUrl" time="0.011"/>
  <testcase classname="webdriver.Topic_01_CheckEnvironment" name="TC_03_LoginFormDisplayed" time="0.033"/>
  <testcase classname="webdriver.Topic_01_CheckEnvironment" name="TC_02_ValidatePageTitle" time="0.008"/>
</testsuite> <!-- webdriver.Topic_01_CheckEnvironment -->
