<?xml version="1.0" encoding="UTF-8"?>
<!-- Generated by org.testng.reporters.JUnitReportReporter -->
<testsuite hostname="CEHWPCVN054" failures="0" tests="1" name="webdriver.TC_01_GitFlow" time="9.784" errors="0" timestamp="28 May 2021 05:14:02 GMT">
  <testcase classname="webdriver.TC_01_GitFlow" name="TC_01" time="9.784"/>
</testsuite> <!-- webdriver.TC_01_GitFlow -->
